<?xml version="1.0" encoding="UTF-8"?>
<!-- Generated by org.testng.reporters.JUnitReportReporter -->
<testsuite hostname="DESKTOP-8OTT66F" failures="0" tests="2" name="latihan.latihanrstassured.DataDrivenTut" time="1.246" errors="0" timestamp="2022-09-12T12:51:55 ICT" skipped="0">
  <testcase classname="latihan.latihanrstassured.DataDrivenTut" name="dataProvTest" time="0.056"/>
  <system-out/>
  <testcase classname="latihan.latihanrstassured.DataDrivenTut" name="dataProvTest" time="1.190"/>
  <system-out/>
</testsuite> <!-- latihan.latihanrstassured.DataDrivenTut -->
