<?xml version="1.0" encoding="UTF-8"?>
<!-- Generated by org.testng.reporters.JUnitReportReporter -->
<testsuite hostname="DESKTOP-8OTT66F" failures="0" tests="65" name="ujian.ujiankeempat.ByLatLon" time="24.987" errors="1" timestamp="2022-09-17T07:41:59 ICT" skipped="0">
  <testcase classname="ujian.ujiankeempat.ByLatLon" name="testGet" time="0.322"/>
  <system-out/>
  <testcase classname="ujian.ujiankeempat.ByLatLon" name="testGet" time="0.310"/>
  <system-out/>
  <testcase classname="ujian.ujiankeempat.ByLatLon" name="testGet" time="0.281"/>
  <system-out/>
  <testcase classname="ujian.ujiankeempat.ByLatLon" name="testGet" time="0.370"/>
  <system-out/>
  <testcase classname="ujian.ujiankeempat.ByLatLon" name="testGet" time="0.522"/>
  <system-out/>
  <testcase classname="ujian.ujiankeempat.ByLatLon" name="testGet" time="0.306"/>
  <system-out/>
  <testcase classname="ujian.ujiankeempat.ByLatLon" name="testGet" time="0.275"/>
  <system-out/>
  <testcase classname="ujian.ujiankeempat.ByLatLon" name="testGet" time="0.283"/>
  <system-out/>
  <testcase classname="ujian.ujiankeempat.ByLatLon" name="testGet" time="0.271"/>
  <system-out/>
  <testcase classname="ujian.ujiankeempat.ByLatLon" name="testGet" time="0.355"/>
  <system-out/>
  <testcase classname="ujian.ujiankeempat.ByLatLon" name="testGet" time="0.259"/>
  <system-out/>
  <testcase classname="ujian.ujiankeempat.ByLatLon" name="testGet" time="0.443"/>
  <system-out/>
  <testcase classname="ujian.ujiankeempat.ByLatLon" name="testGet" time="0.408"/>
  <system-out/>
  <testcase classname="ujian.ujiankeempat.ByLatLon" name="testGet" time="0.428"/>
  <system-out/>
  <testcase classname="ujian.ujiankeempat.ByLatLon" name="testGet" time="0.380"/>
  <system-out/>
  <testcase classname="ujian.ujiankeempat.ByLatLon" name="testGet" time="0.457"/>
  <system-out/>
  <testcase classname="ujian.ujiankeempat.ByLatLon" name="testGet" time="0.400"/>
  <system-out/>
  <testcase classname="ujian.ujiankeempat.ByLatLon" name="testGet" time="0.392"/>
  <system-out/>
  <testcase classname="ujian.ujiankeempat.ByLatLon" name="testGet" time="0.493"/>
  <system-out/>
  <testcase classname="ujian.ujiankeempat.ByLatLon" name="testGet" time="0.244"/>
  <system-out/>
  <testcase classname="ujian.ujiankeempat.ByLatLon" name="testGet" time="0.086">
    <error message="Remote host terminated the handshake" type="javax.net.ssl.SSLHandshakeException">
      <![CDATA[javax.net.ssl.SSLHandshakeException: Remote host terminated the handshake
at java.base/sun.security.ssl.SSLSocketImpl.handleEOF(SSLSocketImpl.java:1714)
at java.base/sun.security.ssl.SSLSocketImpl.decode(SSLSocketImpl.java:1513)
at java.base/sun.security.ssl.SSLSocketImpl.readHandshakeRecord(SSLSocketImpl.java:1420)
at java.base/sun.security.ssl.SSLSocketImpl.startHandshake(SSLSocketImpl.java:455)
at java.base/sun.security.ssl.SSLSocketImpl.startHandshake(SSLSocketImpl.java:426)
at org.apache.http.conn.ssl.SSLSocketFactory.createLayeredSocket(SSLSocketFactory.java:570)
at org.apache.http.conn.ssl.SSLSocketFactory.connectSocket(SSLSocketFactory.java:554)
at org.apache.http.conn.ssl.SSLSocketFactory.connectSocket(SSLSocketFactory.java:415)
at org.apache.http.impl.conn.DefaultClientConnectionOperator.openConnection(DefaultClientConnectionOperator.java:180)
at org.apache.http.impl.conn.ManagedClientConnectionImpl.open(ManagedClientConnectionImpl.java:326)
at org.apache.http.impl.client.DefaultRequestDirector.tryConnect(DefaultRequestDirector.java:605)
at org.apache.http.impl.client.DefaultRequestDirector.execute(DefaultRequestDirector.java:440)
at org.apache.http.impl.client.AbstractHttpClient.doExecute(AbstractHttpClient.java:835)
at org.apache.http.impl.client.CloseableHttpClient.execute(CloseableHttpClient.java:83)
at io.restassured.internal.RestAssuredHttpBuilder.doRequest(RestAssuredHttpBuilder.java:141)
at io.restassured.internal.http.HTTPBuilder.doRequest(HTTPBuilder.java:496)
at io.restassured.internal.http.HTTPBuilder.request(HTTPBuilder.java:453)
at io.restassured.internal.http.HTTPBuilder$request$2.call(Unknown Source)
at io.restassured.internal.RequestSpecificationImpl.sendHttpRequest(RequestSpecificationImpl.groovy:1466)
at io.restassured.internal.RequestSpecificationImpl.this$2$sendHttpRequest(RequestSpecificationImpl.groovy)
at java.base/jdk.internal.reflect.DirectMethodHandleAccessor.invoke(DirectMethodHandleAccessor.java:104)
at java.base/java.lang.reflect.Method.invoke(Method.java:577)
at org.codehaus.groovy.reflection.CachedMethod.invoke(CachedMethod.java:343)
at groovy.lang.MetaMethod.doMethodInvoke(MetaMethod.java:328)
at groovy.lang.MetaClassImpl.doInvokeMethod(MetaClassImpl.java:1369)
at groovy.lang.MetaClassImpl.invokeMethod(MetaClassImpl.java:1103)
at groovy.lang.MetaClassImpl.invokeMethod(MetaClassImpl.java:1009)
at groovy.lang.MetaClassImpl.invokeMethod(MetaClassImpl.java:792)
at io.restassured.internal.RequestSpecificationImpl.invokeMethod(RequestSpecificationImpl.groovy)
at org.codehaus.groovy.runtime.callsite.PogoInterceptableSite.call(PogoInterceptableSite.java:46)
at org.codehaus.groovy.runtime.callsite.PogoInterceptableSite.callCurrent(PogoInterceptableSite.java:57)
at io.restassured.internal.RequestSpecificationImpl.sendRequest(RequestSpecificationImpl.groovy:1215)
at io.restassured.internal.RequestSpecificationImpl.this$2$sendRequest(RequestSpecificationImpl.groovy)
at java.base/jdk.internal.reflect.DirectMethodHandleAccessor.invoke(DirectMethodHandleAccessor.java:104)
at java.base/java.lang.reflect.Method.invoke(Method.java:577)
at org.codehaus.groovy.reflection.CachedMethod.invoke(CachedMethod.java:343)
at groovy.lang.MetaMethod.doMethodInvoke(MetaMethod.java:328)
at groovy.lang.MetaClassImpl.doInvokeMethod(MetaClassImpl.java:1369)
at groovy.lang.MetaClassImpl.invokeMethod(MetaClassImpl.java:1103)
at groovy.lang.MetaClassImpl.invokeMethod(MetaClassImpl.java:1009)
at groovy.lang.MetaClassImpl.invokeMethod(MetaClassImpl.java:792)
at io.restassured.internal.RequestSpecificationImpl.invokeMethod(RequestSpecificationImpl.groovy)
at org.codehaus.groovy.runtime.callsite.PogoInterceptableSite.call(PogoInterceptableSite.java:46)
at org.codehaus.groovy.runtime.callsite.AbstractCallSite.call(AbstractCallSite.java:166)
at io.restassured.internal.filter.SendRequestFilter.filter(SendRequestFilter.groovy:30)
at io.restassured.filter.Filter$filter$0.call(Unknown Source)
at org.codehaus.groovy.runtime.callsite.CallSiteArray.defaultCall(CallSiteArray.java:46)
at io.restassured.filter.Filter$filter.call(Unknown Source)
at io.restassured.internal.filter.FilterContextImpl.next(FilterContextImpl.groovy:72)
at io.restassured.filter.time.TimingFilter.filter(TimingFilter.java:56)
at io.restassured.filter.Filter$filter.call(Unknown Source)
at org.codehaus.groovy.runtime.callsite.CallSiteArray.defaultCall(CallSiteArray.java:46)
at io.restassured.filter.Filter$filter$0.call(Unknown Source)
at io.restassured.internal.filter.FilterContextImpl.next(FilterContextImpl.groovy:72)
at io.restassured.filter.FilterContext$next.call(Unknown Source)
at io.restassured.internal.RequestSpecificationImpl.applyPathParamsAndSendRequest(RequestSpecificationImpl.groovy:1686)
at io.restassured.internal.RequestSpecificationImpl.this$2$applyPathParamsAndSendRequest(RequestSpecificationImpl.groovy)
at java.base/jdk.internal.reflect.DirectMethodHandleAccessor.invoke(DirectMethodHandleAccessor.java:104)
at java.base/java.lang.reflect.Method.invoke(Method.java:577)
at org.codehaus.groovy.reflection.CachedMethod.invoke(CachedMethod.java:343)
at groovy.lang.MetaMethod.doMethodInvoke(MetaMethod.java:328)
at groovy.lang.MetaClassImpl.doInvokeMethod(MetaClassImpl.java:1369)
at groovy.lang.MetaClassImpl.invokeMethod(MetaClassImpl.java:1103)
at groovy.lang.MetaClassImpl.invokeMethod(MetaClassImpl.java:1009)
at groovy.lang.MetaClassImpl.invokeMethod(MetaClassImpl.java:792)
at io.restassured.internal.RequestSpecificationImpl.invokeMethod(RequestSpecificationImpl.groovy)
at org.codehaus.groovy.runtime.callsite.PogoInterceptableSite.call(PogoInterceptableSite.java:46)
at org.codehaus.groovy.runtime.callsite.PogoInterceptableSite.callCurrent(PogoInterceptableSite.java:57)
at org.codehaus.groovy.runtime.callsite.AbstractCallSite.callCurrent(AbstractCallSite.java:203)
at io.restassured.internal.RequestSpecificationImpl.applyPathParamsAndSendRequest(RequestSpecificationImpl.groovy:1692)
at io.restassured.internal.RequestSpecificationImpl.this$2$applyPathParamsAndSendRequest(RequestSpecificationImpl.groovy)
at java.base/jdk.internal.reflect.DirectMethodHandleAccessor.invoke(DirectMethodHandleAccessor.java:104)
at java.base/java.lang.reflect.Method.invoke(Method.java:577)
at org.codehaus.groovy.reflection.CachedMethod.invoke(CachedMethod.java:343)
at groovy.lang.MetaMethod.doMethodInvoke(MetaMethod.java:328)
at groovy.lang.MetaClassImpl.doInvokeMethod(MetaClassImpl.java:1369)
at groovy.lang.MetaClassImpl.invokeMethod(MetaClassImpl.java:1103)
at groovy.lang.MetaClassImpl.invokeMethod(MetaClassImpl.java:1009)
at groovy.lang.MetaClassImpl.invokeMethod(MetaClassImpl.java:792)
at io.restassured.internal.RequestSpecificationImpl.invokeMethod(RequestSpecificationImpl.groovy)
at org.codehaus.groovy.runtime.callsite.PogoInterceptableSite.call(PogoInterceptableSite.java:46)
at org.codehaus.groovy.runtime.callsite.PogoInterceptableSite.callCurrent(PogoInterceptableSite.java:57)
at org.codehaus.groovy.runtime.callsite.AbstractCallSite.callCurrent(AbstractCallSite.java:203)
at io.restassured.internal.RequestSpecificationImpl.get(RequestSpecificationImpl.groovy:176)
at io.restassured.internal.RequestSpecificationImpl.get(RequestSpecificationImpl.groovy)
at ujian.ujiankeempat.ByLatLon.testGet(ByLatLon.java:67)
at java.base/jdk.internal.reflect.DirectMethodHandleAccessor.invoke(DirectMethodHandleAccessor.java:104)
at java.base/java.lang.reflect.Method.invoke(Method.java:577)
at org.testng.internal.invokers.MethodInvocationHelper.invokeMethod(MethodInvocationHelper.java:139)
at org.testng.internal.invokers.TestInvoker.invokeMethod(TestInvoker.java:677)
at org.testng.internal.invokers.TestInvoker.invokeTestMethod(TestInvoker.java:221)
at org.testng.internal.invokers.MethodRunner.runInSequence(MethodRunner.java:50)
at org.testng.internal.invokers.TestInvoker$MethodInvocationAgent.invoke(TestInvoker.java:962)
at org.testng.internal.invokers.TestInvoker.invokeTestMethods(TestInvoker.java:194)
at org.testng.internal.invokers.TestMethodWorker.invokeTestMethods(TestMethodWorker.java:148)
at org.testng.internal.invokers.TestMethodWorker.run(TestMethodWorker.java:128)
at java.base/java.util.ArrayList.forEach(ArrayList.java:1511)
at org.testng.TestRunner.privateRun(TestRunner.java:806)
at org.testng.TestRunner.run(TestRunner.java:601)
at org.testng.SuiteRunner.runTest(SuiteRunner.java:433)
at org.testng.SuiteRunner.runSequentially(SuiteRunner.java:427)
at org.testng.SuiteRunner.privateRun(SuiteRunner.java:387)
at org.testng.SuiteRunner.run(SuiteRunner.java:330)
at org.testng.SuiteRunnerWorker.runSuite(SuiteRunnerWorker.java:52)
at org.testng.SuiteRunnerWorker.run(SuiteRunnerWorker.java:95)
at org.testng.TestNG.runSuitesSequentially(TestNG.java:1256)
at org.testng.TestNG.runSuitesLocally(TestNG.java:1176)
at org.testng.TestNG.runSuites(TestNG.java:1099)
at org.testng.TestNG.run(TestNG.java:1067)
at org.testng.remote.AbstractRemoteTestNG.run(AbstractRemoteTestNG.java:115)
at org.testng.remote.RemoteTestNG.initAndRun(RemoteTestNG.java:251)
at org.testng.remote.RemoteTestNG.main(RemoteTestNG.java:77)
Caused by: java.io.EOFException: SSL peer shut down incorrectly
at java.base/sun.security.ssl.SSLSocketInputRecord.read(SSLSocketInputRecord.java:483)
at java.base/sun.security.ssl.SSLSocketInputRecord.readHeader(SSLSocketInputRecord.java:472)
at java.base/sun.security.ssl.SSLSocketInputRecord.decode(SSLSocketInputRecord.java:160)
at java.base/sun.security.ssl.SSLTransport.decode(SSLTransport.java:111)
at java.base/sun.security.ssl.SSLSocketImpl.decode(SSLSocketImpl.java:1505)
... 110 more
]]>
    </error>
  </testcase> <!-- testGet -->
  <system-out/>
  <testcase classname="ujian.ujiankeempat.ByLatLon" name="testGet" time="0.740"/>
  <system-out/>
  <testcase classname="ujian.ujiankeempat.ByLatLon" name="testGet" time="0.485"/>
  <system-out/>
  <testcase classname="ujian.ujiankeempat.ByLatLon" name="testGet" time="0.297"/>
  <system-out/>
  <testcase classname="ujian.ujiankeempat.ByLatLon" name="testGet" time="0.583"/>
  <system-out/>
  <testcase classname="ujian.ujiankeempat.ByLatLon" name="testGet" time="0.245"/>
  <system-out/>
  <testcase classname="ujian.ujiankeempat.ByLatLon" name="testGet" time="0.246"/>
  <system-out/>
  <testcase classname="ujian.ujiankeempat.ByLatLon" name="testGet" time="0.335"/>
  <system-out/>
  <testcase classname="ujian.ujiankeempat.ByLatLon" name="testGet" time="1.175"/>
  <system-out/>
  <testcase classname="ujian.ujiankeempat.ByLatLon" name="testGet" time="0.409"/>
  <system-out/>
  <testcase classname="ujian.ujiankeempat.ByLatLon" name="testGet" time="0.233"/>
  <system-out/>
  <testcase classname="ujian.ujiankeempat.ByLatLon" name="testGet" time="0.331"/>
  <system-out/>
  <testcase classname="ujian.ujiankeempat.ByLatLon" name="testGet" time="0.305"/>
  <system-out/>
  <testcase classname="ujian.ujiankeempat.ByLatLon" name="testGet" time="0.267"/>
  <system-out/>
  <testcase classname="ujian.ujiankeempat.ByLatLon" name="testGet" time="0.447"/>
  <system-out/>
  <testcase classname="ujian.ujiankeempat.ByLatLon" name="testGet" time="0.269"/>
  <system-out/>
  <testcase classname="ujian.ujiankeempat.ByLatLon" name="testGet" time="0.349"/>
  <system-out/>
  <testcase classname="ujian.ujiankeempat.ByLatLon" name="testGet" time="1.259"/>
  <system-out/>
  <testcase classname="ujian.ujiankeempat.ByLatLon" name="testGet" time="0.273"/>
  <system-out/>
  <testcase classname="ujian.ujiankeempat.ByLatLon" name="testGet" time="0.451"/>
  <system-out/>
  <testcase classname="ujian.ujiankeempat.ByLatLon" name="testGet" time="0.392"/>
  <system-out/>
  <testcase classname="ujian.ujiankeempat.ByLatLon" name="testGet" time="0.463"/>
  <system-out/>
  <testcase classname="ujian.ujiankeempat.ByLatLon" name="testGet" time="0.598"/>
  <system-out/>
  <testcase classname="ujian.ujiankeempat.ByLatLon" name="testGet" time="0.337"/>
  <system-out/>
  <testcase classname="ujian.ujiankeempat.ByLatLon" name="testGet" time="0.444"/>
  <system-out/>
  <testcase classname="ujian.ujiankeempat.ByLatLon" name="testGet" time="0.342"/>
  <system-out/>
  <testcase classname="ujian.ujiankeempat.ByLatLon" name="testGet" time="0.345"/>
  <system-out/>
  <testcase classname="ujian.ujiankeempat.ByLatLon" name="testGet" time="0.346"/>
  <system-out/>
  <testcase classname="ujian.ujiankeempat.ByLatLon" name="testGet" time="0.333"/>
  <system-out/>
  <testcase classname="ujian.ujiankeempat.ByLatLon" name="testGet" time="0.369"/>
  <system-out/>
  <testcase classname="ujian.ujiankeempat.ByLatLon" name="testGet" time="0.447"/>
  <system-out/>
  <testcase classname="ujian.ujiankeempat.ByLatLon" name="testGet" time="0.324"/>
  <system-out/>
  <testcase classname="ujian.ujiankeempat.ByLatLon" name="testGet" time="0.258"/>
  <system-out/>
  <testcase classname="ujian.ujiankeempat.ByLatLon" name="testGet" time="0.254"/>
  <system-out/>
  <testcase classname="ujian.ujiankeempat.ByLatLon" name="testGet" time="0.526"/>
  <system-out/>
  <testcase classname="ujian.ujiankeempat.ByLatLon" name="testGet" time="0.294"/>
  <system-out/>
  <testcase classname="ujian.ujiankeempat.ByLatLon" name="testGet" time="0.236"/>
  <system-out/>
  <testcase classname="ujian.ujiankeempat.ByLatLon" name="testGet" time="0.359"/>
  <system-out/>
  <testcase classname="ujian.ujiankeempat.ByLatLon" name="testGet" time="0.272"/>
  <system-out/>
  <testcase classname="ujian.ujiankeempat.ByLatLon" name="testGet" time="0.345"/>
  <system-out/>
  <testcase classname="ujian.ujiankeempat.ByLatLon" name="testGet" time="0.233"/>
  <system-out/>
  <testcase classname="ujian.ujiankeempat.ByLatLon" name="testGet" time="0.327"/>
  <system-out/>
  <testcase classname="ujian.ujiankeempat.ByLatLon" name="testGet" time="0.385"/>
  <system-out/>
  <testcase classname="ujian.ujiankeempat.ByLatLon" name="testGet" time="0.446"/>
  <system-out/>
  <testcase classname="ujian.ujiankeempat.ByLatLon" name="testGet" time="0.328"/>
  <system-out/>
</testsuite> <!-- ujian.ujiankeempat.ByLatLon -->
