<?xml version="1.0" encoding="UTF-8"?>
<!-- Generated by org.testng.reporters.JUnitReportReporter -->
<testsuite hostname="DESKTOP-8OTT66F" failures="0" tests="3" name="latihan.latihanrstassured.PostDataFromExcel" time="1.334" errors="0" timestamp="2022-09-16T10:44:26 ICT" skipped="0">
  <testcase classname="latihan.latihanrstassured.PostDataFromExcel" name="testPost" time="0.054"/>
  <system-out/>
  <testcase classname="latihan.latihanrstassured.PostDataFromExcel" name="testPost" time="1.233"/>
  <system-out/>
  <testcase classname="latihan.latihanrstassured.PostDataFromExcel" name="testPost" time="0.047"/>
  <system-out/>
</testsuite> <!-- latihan.latihanrstassured.PostDataFromExcel -->
