<?xml version="1.0" encoding="UTF-8"?>
<!-- Generated by org.testng.reporters.JUnitReportReporter -->
<testsuite hostname="DESKTOP-8OTT66F" failures="0" tests="27" name="ujian.ujiankeempat.ByCityNameCountryCode" time="7.860" errors="0" timestamp="2022-09-17T07:57:59 ICT" skipped="0">
  <testcase classname="ujian.ujiankeempat.ByCityNameCountryCode" name="testGet" time="0.245"/>
  <system-out/>
  <testcase classname="ujian.ujiankeempat.ByCityNameCountryCode" name="testGet" time="0.214"/>
  <system-out/>
  <testcase classname="ujian.ujiankeempat.ByCityNameCountryCode" name="testGet" time="0.240"/>
  <system-out/>
  <testcase classname="ujian.ujiankeempat.ByCityNameCountryCode" name="testGet" time="0.294"/>
  <system-out/>
  <testcase classname="ujian.ujiankeempat.ByCityNameCountryCode" name="testGet" time="0.328"/>
  <system-out/>
  <testcase classname="ujian.ujiankeempat.ByCityNameCountryCode" name="testGet" time="0.248"/>
  <system-out/>
  <testcase classname="ujian.ujiankeempat.ByCityNameCountryCode" name="testGet" time="0.269"/>
  <system-out/>
  <testcase classname="ujian.ujiankeempat.ByCityNameCountryCode" name="testGet" time="0.224"/>
  <system-out/>
  <testcase classname="ujian.ujiankeempat.ByCityNameCountryCode" name="testGet" time="0.236"/>
  <system-out/>
  <testcase classname="ujian.ujiankeempat.ByCityNameCountryCode" name="testGet" time="0.222"/>
  <system-out/>
  <testcase classname="ujian.ujiankeempat.ByCityNameCountryCode" name="testGet" time="0.263"/>
  <system-out/>
  <testcase classname="ujian.ujiankeempat.ByCityNameCountryCode" name="testGet" time="0.267"/>
  <system-out/>
  <testcase classname="ujian.ujiankeempat.ByCityNameCountryCode" name="testGet" time="0.222"/>
  <system-out/>
  <testcase classname="ujian.ujiankeempat.ByCityNameCountryCode" name="testGet" time="0.223"/>
  <system-out/>
  <testcase classname="ujian.ujiankeempat.ByCityNameCountryCode" name="testGet" time="0.245"/>
  <system-out/>
  <testcase classname="ujian.ujiankeempat.ByCityNameCountryCode" name="testGet" time="0.251"/>
  <system-out/>
  <testcase classname="ujian.ujiankeempat.ByCityNameCountryCode" name="testGet" time="0.235"/>
  <system-out/>
  <testcase classname="ujian.ujiankeempat.ByCityNameCountryCode" name="testGet" time="0.305"/>
  <system-out/>
  <testcase classname="ujian.ujiankeempat.ByCityNameCountryCode" name="testGet" time="0.248"/>
  <system-out/>
  <testcase classname="ujian.ujiankeempat.ByCityNameCountryCode" name="testGet" time="1.231"/>
  <system-out/>
  <testcase classname="ujian.ujiankeempat.ByCityNameCountryCode" name="testGet" time="0.259"/>
  <system-out/>
  <testcase classname="ujian.ujiankeempat.ByCityNameCountryCode" name="testGet" time="0.238"/>
  <system-out/>
  <testcase classname="ujian.ujiankeempat.ByCityNameCountryCode" name="testGet" time="0.254"/>
  <system-out/>
  <testcase classname="ujian.ujiankeempat.ByCityNameCountryCode" name="testGet" time="0.326"/>
  <system-out/>
  <testcase classname="ujian.ujiankeempat.ByCityNameCountryCode" name="testGet" time="0.243"/>
  <system-out/>
  <testcase classname="ujian.ujiankeempat.ByCityNameCountryCode" name="testGet" time="0.236"/>
  <system-out/>
  <testcase classname="ujian.ujiankeempat.ByCityNameCountryCode" name="testGet" time="0.294"/>
  <system-out/>
</testsuite> <!-- ujian.ujiankeempat.ByCityNameCountryCode -->
