<?xml version="1.0" encoding="UTF-8"?>
<!-- Generated by org.testng.reporters.JUnitReportReporter -->
<testsuite hostname="DESKTOP-8OTT66F" failures="0" tests="1" name="tugas.selenium.formy.Autocomplete" time="5.204" errors="0" timestamp="2022-09-15T20:48:37 ICT" skipped="0">
  <testcase classname="tugas.selenium.formy.Autocomplete" name="testFormyAutocomplete" time="5.204"/>
  <system-out/>
</testsuite> <!-- tugas.selenium.formy.Autocomplete -->
