<?xml version="1.0" encoding="UTF-8"?>
<!-- Generated by org.testng.reporters.JUnitReportReporter -->
<testsuite hostname="DESKTOP-8OTT66F" failures="0" tests="1" name="latihan.pagefactoryobject.TestAutoComplete" time="7.955" errors="0" timestamp="2022-09-15T15:51:32 ICT" skipped="0">
  <testcase classname="latihan.pagefactoryobject.TestAutoComplete" name="AutoCompletesst" time="7.955"/>
  <system-out/>
</testsuite> <!-- latihan.pagefactoryobject.TestAutoComplete -->
