<?xml version="1.0" encoding="UTF-8"?>
<!-- Generated by org.testng.reporters.JUnitReportReporter -->
<testsuite hostname="DESKTOP-8OTT66F" failures="0" tests="27" name="ujian.ujiankeempat.openweather.ByCityName" time="41.064" errors="0" timestamp="2022-09-18T10:55:55 ICT" skipped="0">
  <testcase classname="ujian.ujiankeempat.openweather.ByCityName" name="testGet" time="0.617"/>
  <system-out/>
  <testcase classname="ujian.ujiankeempat.openweather.ByCityName" name="testGet" time="2.942"/>
  <system-out/>
  <testcase classname="ujian.ujiankeempat.openweather.ByCityName" name="testGet" time="0.841"/>
  <system-out/>
  <testcase classname="ujian.ujiankeempat.openweather.ByCityName" name="testGet" time="0.565"/>
  <system-out/>
  <testcase classname="ujian.ujiankeempat.openweather.ByCityName" name="testGet" time="0.956"/>
  <system-out/>
  <testcase classname="ujian.ujiankeempat.openweather.ByCityName" name="testGet" time="1.271"/>
  <system-out/>
  <testcase classname="ujian.ujiankeempat.openweather.ByCityName" name="testGet" time="2.784"/>
  <system-out/>
  <testcase classname="ujian.ujiankeempat.openweather.ByCityName" name="testGet" time="2.124"/>
  <system-out/>
  <testcase classname="ujian.ujiankeempat.openweather.ByCityName" name="testGet" time="3.736"/>
  <system-out/>
  <testcase classname="ujian.ujiankeempat.openweather.ByCityName" name="testGet" time="1.234"/>
  <system-out/>
  <testcase classname="ujian.ujiankeempat.openweather.ByCityName" name="testGet" time="0.905"/>
  <system-out/>
  <testcase classname="ujian.ujiankeempat.openweather.ByCityName" name="testGet" time="0.734"/>
  <system-out/>
  <testcase classname="ujian.ujiankeempat.openweather.ByCityName" name="testGet" time="3.742"/>
  <system-out/>
  <testcase classname="ujian.ujiankeempat.openweather.ByCityName" name="testGet" time="0.626"/>
  <system-out/>
  <testcase classname="ujian.ujiankeempat.openweather.ByCityName" name="testGet" time="0.713"/>
  <system-out/>
  <testcase classname="ujian.ujiankeempat.openweather.ByCityName" name="testGet" time="2.138"/>
  <system-out/>
  <testcase classname="ujian.ujiankeempat.openweather.ByCityName" name="testGet" time="0.853"/>
  <system-out/>
  <testcase classname="ujian.ujiankeempat.openweather.ByCityName" name="testGet" time="0.633"/>
  <system-out/>
  <testcase classname="ujian.ujiankeempat.openweather.ByCityName" name="testGet" time="4.299"/>
  <system-out/>
  <testcase classname="ujian.ujiankeempat.openweather.ByCityName" name="testGet" time="1.539"/>
  <system-out/>
  <testcase classname="ujian.ujiankeempat.openweather.ByCityName" name="testGet" time="0.615"/>
  <system-out/>
  <testcase classname="ujian.ujiankeempat.openweather.ByCityName" name="testGet" time="0.694"/>
  <system-out/>
  <testcase classname="ujian.ujiankeempat.openweather.ByCityName" name="testGet" time="0.577"/>
  <system-out/>
  <testcase classname="ujian.ujiankeempat.openweather.ByCityName" name="testGet" time="0.956"/>
  <system-out/>
  <testcase classname="ujian.ujiankeempat.openweather.ByCityName" name="testGet" time="0.831"/>
  <system-out/>
  <testcase classname="ujian.ujiankeempat.openweather.ByCityName" name="testGet" time="3.399"/>
  <system-out/>
  <testcase classname="ujian.ujiankeempat.openweather.ByCityName" name="testGet" time="0.740"/>
  <system-out/>
</testsuite> <!-- ujian.ujiankeempat.openweather.ByCityName -->
