<?xml version="1.0" encoding="UTF-8"?>
<!-- Generated by org.testng.reporters.JUnitReportReporter -->
<testsuite hostname="DESKTOP-8OTT66F" failures="0" tests="1" name="tugas.selenium.formy.Buttons" time="11.355" errors="0" timestamp="2022-09-15T20:51:55 ICT" skipped="0">
  <testcase classname="tugas.selenium.formy.Buttons" name="testButtons" time="11.355"/>
  <system-out/>
</testsuite> <!-- tugas.selenium.formy.Buttons -->
