<?xml version="1.0" encoding="UTF-8"?>
<!-- Generated by org.testng.reporters.JUnitReportReporter -->
<testsuite hostname="DESKTOP-8OTT66F" failures="0" tests="42" name="ujian.ujiankeempat.ByCityId" time="93.863" errors="0" timestamp="2022-09-17T22:11:44 ICT" skipped="0">
  <testcase classname="ujian.ujiankeempat.ByCityId" name="testGet" time="0.759"/>
  <system-out/>
  <testcase classname="ujian.ujiankeempat.ByCityId" name="testGet" time="0.511"/>
  <system-out/>
  <testcase classname="ujian.ujiankeempat.ByCityId" name="testGet" time="13.025"/>
  <system-out/>
  <testcase classname="ujian.ujiankeempat.ByCityId" name="testGet" time="25.957"/>
  <system-out/>
  <testcase classname="ujian.ujiankeempat.ByCityId" name="testGet" time="0.643"/>
  <system-out/>
  <testcase classname="ujian.ujiankeempat.ByCityId" name="testGet" time="1.695"/>
  <system-out/>
  <testcase classname="ujian.ujiankeempat.ByCityId" name="testGet" time="2.362"/>
  <system-out/>
  <testcase classname="ujian.ujiankeempat.ByCityId" name="testGet" time="2.035"/>
  <system-out/>
  <testcase classname="ujian.ujiankeempat.ByCityId" name="testGet" time="0.403"/>
  <system-out/>
  <testcase classname="ujian.ujiankeempat.ByCityId" name="testGet" time="2.994"/>
  <system-out/>
  <testcase classname="ujian.ujiankeempat.ByCityId" name="testGet" time="0.428"/>
  <system-out/>
  <testcase classname="ujian.ujiankeempat.ByCityId" name="testGet" time="4.805"/>
  <system-out/>
  <testcase classname="ujian.ujiankeempat.ByCityId" name="testGet" time="2.448"/>
  <system-out/>
  <testcase classname="ujian.ujiankeempat.ByCityId" name="testGet" time="0.639"/>
  <system-out/>
  <testcase classname="ujian.ujiankeempat.ByCityId" name="testGet" time="0.564"/>
  <system-out/>
  <testcase classname="ujian.ujiankeempat.ByCityId" name="testGet" time="1.954"/>
  <system-out/>
  <testcase classname="ujian.ujiankeempat.ByCityId" name="testGet" time="1.761"/>
  <system-out/>
  <testcase classname="ujian.ujiankeempat.ByCityId" name="testGet" time="3.617"/>
  <system-out/>
  <testcase classname="ujian.ujiankeempat.ByCityId" name="testGet" time="0.855"/>
  <system-out/>
  <testcase classname="ujian.ujiankeempat.ByCityId" name="testGet" time="1.797"/>
  <system-out/>
  <testcase classname="ujian.ujiankeempat.ByCityId" name="testGet" time="0.454"/>
  <system-out/>
  <testcase classname="ujian.ujiankeempat.ByCityId" name="testGet" time="1.774"/>
  <system-out/>
  <testcase classname="ujian.ujiankeempat.ByCityId" name="testGet" time="0.465"/>
  <system-out/>
  <testcase classname="ujian.ujiankeempat.ByCityId" name="testGet" time="1.057"/>
  <system-out/>
  <testcase classname="ujian.ujiankeempat.ByCityId" name="testGet" time="1.195"/>
  <system-out/>
  <testcase classname="ujian.ujiankeempat.ByCityId" name="testGet" time="2.121"/>
  <system-out/>
  <testcase classname="ujian.ujiankeempat.ByCityId" name="testGet" time="2.878"/>
  <system-out/>
  <testcase classname="ujian.ujiankeempat.ByCityId" name="testGet" time="1.043"/>
  <system-out/>
  <testcase classname="ujian.ujiankeempat.ByCityId" name="testGet" time="4.249"/>
  <system-out/>
  <testcase classname="ujian.ujiankeempat.ByCityId" name="testGet" time="0.518"/>
  <system-out/>
  <testcase classname="ujian.ujiankeempat.ByCityId" name="testGet" time="0.688"/>
  <system-out/>
  <testcase classname="ujian.ujiankeempat.ByCityId" name="testGet" time="1.968"/>
  <system-out/>
  <testcase classname="ujian.ujiankeempat.ByCityId" name="testGet" time="0.647"/>
  <system-out/>
  <testcase classname="ujian.ujiankeempat.ByCityId" name="testGet" time="0.590"/>
  <system-out/>
  <testcase classname="ujian.ujiankeempat.ByCityId" name="testGet" time="0.630"/>
  <system-out/>
  <testcase classname="ujian.ujiankeempat.ByCityId" name="testGet" time="0.864"/>
  <system-out/>
  <testcase classname="ujian.ujiankeempat.ByCityId" name="testGet" time="0.648"/>
  <system-out/>
  <testcase classname="ujian.ujiankeempat.ByCityId" name="testGet" time="0.565"/>
  <system-out/>
  <testcase classname="ujian.ujiankeempat.ByCityId" name="testGet" time="0.553"/>
  <system-out/>
  <testcase classname="ujian.ujiankeempat.ByCityId" name="testGet" time="0.603"/>
  <system-out/>
  <testcase classname="ujian.ujiankeempat.ByCityId" name="testGet" time="0.559"/>
  <system-out/>
  <testcase classname="ujian.ujiankeempat.ByCityId" name="testGet" time="0.542"/>
  <system-out/>
</testsuite> <!-- ujian.ujiankeempat.ByCityId -->
