<?xml version="1.0" encoding="UTF-8"?>
<!-- Generated by org.testng.reporters.JUnitReportReporter -->
<testsuite hostname="DESKTOP-8OTT66F" failures="0" tests="1" name="latihan.cucumberr.loginrunner.LoginRunner" time="26.511" errors="0" timestamp="2022-09-20T22:07:35 ICT" skipped="0">
  <testcase classname="latihan.cucumberr.loginrunner.LoginRunner" name="runScenario" time="26.511"/>
  <system-out/>
</testsuite> <!-- latihan.cucumberr.loginrunner.LoginRunner -->
