<?xml version="1.0" encoding="UTF-8"?>
<!-- Generated by org.testng.reporters.JUnitReportReporter -->
<testsuite hostname="DESKTOP-8OTT66F" failures="0" tests="1" name="tugas.selenium.formy.Dropdown" time="12.854" errors="0" timestamp="2022-09-15T22:09:36 ICT" skipped="0">
  <testcase classname="tugas.selenium.formy.Dropdown" name="testDropdown" time="12.854"/>
  <system-out/>
</testsuite> <!-- tugas.selenium.formy.Dropdown -->
