<?xml version="1.0" encoding="UTF-8"?>
<!-- Generated by org.testng.reporters.JUnitReportReporter -->
<testsuite hostname="DESKTOP-8OTT66F" failures="0" tests="5" name="ujian.ujiankedua.produkoop.BelanjaTest" time="0.019" errors="0" timestamp="2022-09-06T11:44:31 ICT" skipped="0">
  <testcase classname="ujian.ujiankedua.produkoop.BelanjaTest" name="cekStokProdTest" time="0.009"/>
  <system-out/>
  <testcase classname="ujian.ujiankedua.produkoop.BelanjaTest" name="tambahStokProdTest" time="0.002"/>
  <system-out/>
  <testcase classname="ujian.ujiankedua.produkoop.BelanjaTest" name="kurangStokProdTest" time="0.002"/>
  <system-out/>
  <testcase classname="ujian.ujiankedua.produkoop.BelanjaTest" name="kalkulasiDiskonTest" time="0.003"/>
  <system-out/>
  <testcase classname="ujian.ujiankedua.produkoop.BelanjaTest" name="kalkulasiDiskonTestDua" time="0.003"/>
  <system-out/>
</testsuite> <!-- ujian.ujiankedua.produkoop.BelanjaTest -->
