<?xml version="1.0" encoding="UTF-8"?>
<!-- Generated by org.testng.reporters.JUnitReportReporter -->
<testsuite hostname="DESKTOP-8OTT66F" failures="0" tests="17" name="ujian.ujiankeempat.ByZipCodeCountryCode" time="8.770" errors="0" timestamp="2022-09-18T02:06:10 ICT" skipped="0">
  <testcase classname="ujian.ujiankeempat.ByZipCodeCountryCode" name="testGet" time="0.412"/>
  <system-out/>
  <testcase classname="ujian.ujiankeempat.ByZipCodeCountryCode" name="testGet" time="0.403"/>
  <system-out/>
  <testcase classname="ujian.ujiankeempat.ByZipCodeCountryCode" name="testGet" time="0.548"/>
  <system-out/>
  <testcase classname="ujian.ujiankeempat.ByZipCodeCountryCode" name="testGet" time="0.417"/>
  <system-out/>
  <testcase classname="ujian.ujiankeempat.ByZipCodeCountryCode" name="testGet" time="0.613"/>
  <system-out/>
  <testcase classname="ujian.ujiankeempat.ByZipCodeCountryCode" name="testGet" time="1.857"/>
  <system-out/>
  <testcase classname="ujian.ujiankeempat.ByZipCodeCountryCode" name="testGet" time="0.472"/>
  <system-out/>
  <testcase classname="ujian.ujiankeempat.ByZipCodeCountryCode" name="testGet" time="0.438"/>
  <system-out/>
  <testcase classname="ujian.ujiankeempat.ByZipCodeCountryCode" name="testGet" time="0.370"/>
  <system-out/>
  <testcase classname="ujian.ujiankeempat.ByZipCodeCountryCode" name="testGet" time="0.358"/>
  <system-out/>
  <testcase classname="ujian.ujiankeempat.ByZipCodeCountryCode" name="testGet" time="0.386"/>
  <system-out/>
  <testcase classname="ujian.ujiankeempat.ByZipCodeCountryCode" name="testGet" time="0.368"/>
  <system-out/>
  <testcase classname="ujian.ujiankeempat.ByZipCodeCountryCode" name="testGet" time="0.440"/>
  <system-out/>
  <testcase classname="ujian.ujiankeempat.ByZipCodeCountryCode" name="testGet" time="0.439"/>
  <system-out/>
  <testcase classname="ujian.ujiankeempat.ByZipCodeCountryCode" name="testGet" time="0.428"/>
  <system-out/>
  <testcase classname="ujian.ujiankeempat.ByZipCodeCountryCode" name="testGet" time="0.360"/>
  <system-out/>
  <testcase classname="ujian.ujiankeempat.ByZipCodeCountryCode" name="testGet" time="0.461"/>
  <system-out/>
</testsuite> <!-- ujian.ujiankeempat.ByZipCodeCountryCode -->
