<?xml version="1.0" encoding="UTF-8"?>
<!-- Generated by org.testng.reporters.JUnitReportReporter -->
<testsuite hostname="DESKTOP-8OTT66F" failures="0" tests="1" name="latihan.latihanrstassured.SampleRestAssured" time="0.008" errors="0" timestamp="2022-09-12T11:34:23 ICT" skipped="0">
  <testcase classname="latihan.latihanrstassured.SampleRestAssured" name="testJson" time="0.008"/>
  <system-out/>
</testsuite> <!-- latihan.latihanrstassured.SampleRestAssured -->
