<?xml version="1.0" encoding="UTF-8"?>
<!-- Generated by org.testng.reporters.JUnitReportReporter -->
<testsuite hostname="DESKTOP-8OTT66F" failures="0" tests="8" name="ujian.ujiankelima.cucumber.ShopDemoQAOutlineRunner" time="95.535" errors="0" timestamp="2022-09-25T03:53:22 ICT" skipped="0">
  <testcase classname="ujian.ujiankelima.cucumber.ShopDemoQAOutlineRunner" name="runScenario" time="15.622"/>
  <system-out/>
  <testcase classname="ujian.ujiankelima.cucumber.ShopDemoQAOutlineRunner" name="runScenario" time="16.954"/>
  <system-out/>
  <testcase classname="ujian.ujiankelima.cucumber.ShopDemoQAOutlineRunner" name="runScenario" time="4.776"/>
  <system-out/>
  <testcase classname="ujian.ujiankelima.cucumber.ShopDemoQAOutlineRunner" name="runScenario" time="15.853"/>
  <system-out/>
  <testcase classname="ujian.ujiankelima.cucumber.ShopDemoQAOutlineRunner" name="runScenario" time="5.196"/>
  <system-out/>
  <testcase classname="ujian.ujiankelima.cucumber.ShopDemoQAOutlineRunner" name="runScenario" time="13.100"/>
  <system-out/>
  <testcase classname="ujian.ujiankelima.cucumber.ShopDemoQAOutlineRunner" name="runScenario" time="6.043"/>
  <system-out/>
  <testcase classname="ujian.ujiankelima.cucumber.ShopDemoQAOutlineRunner" name="runScenario" time="17.991"/>
  <system-out/>
</testsuite> <!-- ujian.ujiankelima.cucumber.ShopDemoQAOutlineRunner -->
