<?xml version="1.0" encoding="UTF-8"?>
<!-- Generated by org.testng.reporters.JUnitReportReporter -->
<testsuite hostname="DESKTOP-8OTT66F" failures="0" tests="1" name="tugas.selenium.formy.Modal" time="3.512" errors="0" timestamp="2022-09-15T05:10:58 ICT" skipped="0">
  <testcase classname="tugas.selenium.formy.Modal" name="testModal" time="3.512"/>
  <system-out/>
</testsuite> <!-- tugas.selenium.formy.Modal -->
