<?xml version="1.0" encoding="UTF-8"?>
<!-- Generated by org.testng.reporters.JUnitReportReporter -->
<testsuite hostname="DESKTOP-8OTT66F" failures="0" tests="1" name="tugas.selenium.formy.SwitchWindow" time="3.022" errors="0" timestamp="2022-09-15T05:13:51 ICT" skipped="0">
  <testcase classname="tugas.selenium.formy.SwitchWindow" name="testSwitchWindow" time="3.022"/>
  <system-out/>
</testsuite> <!-- tugas.selenium.formy.SwitchWindow -->
