<?xml version="1.0" encoding="UTF-8"?>
<!-- Generated by org.testng.reporters.JUnitReportReporter -->
<testsuite hostname="DESKTOP-8OTT66F" failures="0" tests="27" name="ujian.ujiankeempat.ByCityNameCountryCode$ByCityName" time="9.656" errors="0" timestamp="2022-09-17T07:56:33 ICT" skipped="0">
  <testcase classname="ujian.ujiankeempat.ByCityNameCountryCode$ByCityName" name="testGet" time="0.788"/>
  <system-out/>
  <testcase classname="ujian.ujiankeempat.ByCityNameCountryCode$ByCityName" name="testGet" time="0.332"/>
  <system-out/>
  <testcase classname="ujian.ujiankeempat.ByCityNameCountryCode$ByCityName" name="testGet" time="0.232"/>
  <system-out/>
  <testcase classname="ujian.ujiankeempat.ByCityNameCountryCode$ByCityName" name="testGet" time="0.246"/>
  <system-out/>
  <testcase classname="ujian.ujiankeempat.ByCityNameCountryCode$ByCityName" name="testGet" time="0.235"/>
  <system-out/>
  <testcase classname="ujian.ujiankeempat.ByCityNameCountryCode$ByCityName" name="testGet" time="0.352"/>
  <system-out/>
  <testcase classname="ujian.ujiankeempat.ByCityNameCountryCode$ByCityName" name="testGet" time="0.228"/>
  <system-out/>
  <testcase classname="ujian.ujiankeempat.ByCityNameCountryCode$ByCityName" name="testGet" time="0.215"/>
  <system-out/>
  <testcase classname="ujian.ujiankeempat.ByCityNameCountryCode$ByCityName" name="testGet" time="0.267"/>
  <system-out/>
  <testcase classname="ujian.ujiankeempat.ByCityNameCountryCode$ByCityName" name="testGet" time="0.270"/>
  <system-out/>
  <testcase classname="ujian.ujiankeempat.ByCityNameCountryCode$ByCityName" name="testGet" time="0.227"/>
  <system-out/>
  <testcase classname="ujian.ujiankeempat.ByCityNameCountryCode$ByCityName" name="testGet" time="0.246"/>
  <system-out/>
  <testcase classname="ujian.ujiankeempat.ByCityNameCountryCode$ByCityName" name="testGet" time="0.206"/>
  <system-out/>
  <testcase classname="ujian.ujiankeempat.ByCityNameCountryCode$ByCityName" name="testGet" time="0.262"/>
  <system-out/>
  <testcase classname="ujian.ujiankeempat.ByCityNameCountryCode$ByCityName" name="testGet" time="0.208"/>
  <system-out/>
  <testcase classname="ujian.ujiankeempat.ByCityNameCountryCode$ByCityName" name="testGet" time="0.228"/>
  <system-out/>
  <testcase classname="ujian.ujiankeempat.ByCityNameCountryCode$ByCityName" name="testGet" time="1.252"/>
  <system-out/>
  <testcase classname="ujian.ujiankeempat.ByCityNameCountryCode$ByCityName" name="testGet" time="0.250"/>
  <system-out/>
  <testcase classname="ujian.ujiankeempat.ByCityNameCountryCode$ByCityName" name="testGet" time="1.229"/>
  <system-out/>
  <testcase classname="ujian.ujiankeempat.ByCityNameCountryCode$ByCityName" name="testGet" time="0.339"/>
  <system-out/>
  <testcase classname="ujian.ujiankeempat.ByCityNameCountryCode$ByCityName" name="testGet" time="0.507"/>
  <system-out/>
  <testcase classname="ujian.ujiankeempat.ByCityNameCountryCode$ByCityName" name="testGet" time="0.222"/>
  <system-out/>
  <testcase classname="ujian.ujiankeempat.ByCityNameCountryCode$ByCityName" name="testGet" time="0.225"/>
  <system-out/>
  <testcase classname="ujian.ujiankeempat.ByCityNameCountryCode$ByCityName" name="testGet" time="0.246"/>
  <system-out/>
  <testcase classname="ujian.ujiankeempat.ByCityNameCountryCode$ByCityName" name="testGet" time="0.329"/>
  <system-out/>
  <testcase classname="ujian.ujiankeempat.ByCityNameCountryCode$ByCityName" name="testGet" time="0.293"/>
  <system-out/>
  <testcase classname="ujian.ujiankeempat.ByCityNameCountryCode$ByCityName" name="testGet" time="0.222"/>
  <system-out/>
</testsuite> <!-- ujian.ujiankeempat.ByCityNameCountryCode$ByCityName -->
