<?xml version="1.0" encoding="UTF-8"?>
<!-- Generated by org.testng.reporters.JUnitReportReporter -->
<testsuite hostname="DESKTOP-8OTT66F" failures="0" tests="1" name="tugas.selenium.formy.Checkboxes" time="3.123" errors="0" timestamp="2022-09-15T05:02:35 ICT" skipped="0">
  <testcase classname="tugas.selenium.formy.Checkboxes" name="testCheckboxes" time="3.123"/>
  <system-out/>
</testsuite> <!-- tugas.selenium.formy.Checkboxes -->
