<?xml version="1.0" encoding="UTF-8"?>
<!-- Generated by org.testng.reporters.JUnitReportReporter -->
<testsuite hostname="DESKTOP-8OTT66F" failures="0" tests="7" name="latihan.cucumberr.outlinecobain.OultineRunner" time="0.270" errors="0" timestamp="2022-09-20T05:28:29 ICT" skipped="0">
  <testcase classname="latihan.cucumberr.outlinecobain.OultineRunner" name="runScenario" time="0.009"/>
  <system-out/>
  <testcase classname="latihan.cucumberr.outlinecobain.OultineRunner" name="runScenario" time="0.008"/>
  <system-out/>
  <testcase classname="latihan.cucumberr.outlinecobain.OultineRunner" name="runScenario" time="0.009"/>
  <system-out/>
  <testcase classname="latihan.cucumberr.outlinecobain.OultineRunner" name="runScenario" time="0.010"/>
  <system-out/>
  <testcase classname="latihan.cucumberr.outlinecobain.OultineRunner" name="runScenario" time="0.012"/>
  <system-out/>
  <testcase classname="latihan.cucumberr.outlinecobain.OultineRunner" name="runScenario" time="0.206"/>
  <system-out/>
  <testcase classname="latihan.cucumberr.outlinecobain.OultineRunner" name="runScenario" time="0.016"/>
  <system-out/>
</testsuite> <!-- latihan.cucumberr.outlinecobain.OultineRunner -->
