<?xml version="1.0" encoding="UTF-8"?>
<!-- Generated by org.testng.reporters.JUnitReportReporter -->
<testsuite hostname="DESKTOP-8OTT66F" failures="0" tests="1" name="ujian.ujiankelima.selenium.page.DemoQALoginPageTest" time="41.092" errors="0" timestamp="2022-09-24T23:09:45 ICT" skipped="0">
  <testcase classname="ujian.ujiankelima.selenium.page.DemoQALoginPageTest" name="tambahWIshLiSTest" time="41.092"/>
  <system-out/>
</testsuite> <!-- ujian.ujiankelima.selenium.page.DemoQALoginPageTest -->
