<?xml version="1.0" encoding="UTF-8"?>
<!-- Generated by org.testng.reporters.JUnitReportReporter -->
<testsuite hostname="DESKTOP-8OTT66F" failures="0" tests="1" name="tugas.selenium.formy.EnabledAndDisabledElements" time="2.947" errors="0" timestamp="2022-09-15T05:07:09 ICT" skipped="0">
  <testcase classname="tugas.selenium.formy.EnabledAndDisabledElements" name="testEnabledAndDisabledElements" time="2.947"/>
  <system-out/>
</testsuite> <!-- tugas.selenium.formy.EnabledAndDisabledElements -->
