<?xml version="1.0" encoding="UTF-8"?>
<!-- Generated by org.testng.reporters.JUnitReportReporter -->
<testsuite hostname="DESKTOP-8OTT66F" failures="0" tests="1" name="tugas.selenium.formy.DropdownBerhasil" time="7.347" errors="0" timestamp="2022-09-15T21:55:04 ICT" skipped="0">
  <testcase classname="tugas.selenium.formy.DropdownBerhasil" name="testDropdown" time="7.347"/>
  <system-out/>
</testsuite> <!-- tugas.selenium.formy.DropdownBerhasil -->
