<?xml version="1.0" encoding="UTF-8"?>
<!-- Generated by org.testng.reporters.JUnitReportReporter -->
<testsuite hostname="DESKTOP-8OTT66F" failures="0" tests="4" name="ujian.ujiankedua.matematika.MatematikaTest" time="0.010" errors="0" timestamp="2022-09-06T19:37:19 ICT" skipped="0">
  <testcase classname="ujian.ujiankedua.matematika.MatematikaTest" name="penjumlahanTest" time="0.003"/>
  <system-out/>
  <testcase classname="ujian.ujiankedua.matematika.MatematikaTest" name="penguranganTest" time="0.001"/>
  <system-out/>
  <testcase classname="ujian.ujiankedua.matematika.MatematikaTest" name="pembagianTest" time="0.003"/>
  <system-out/>
  <testcase classname="ujian.ujiankedua.matematika.MatematikaTest" name="modulusTest" time="0.003"/>
  <system-out/>
</testsuite> <!-- ujian.ujiankedua.matematika.MatematikaTest -->
