<?xml version="1.0" encoding="UTF-8"?>
<!-- Generated by org.testng.reporters.JUnitReportReporter -->
<testsuite hostname="DESKTOP-8OTT66F" failures="0" tests="1" name="tugas.selenium.formy.RadioButton" time="3.979" errors="0" timestamp="2022-09-15T05:13:08 ICT" skipped="0">
  <testcase classname="tugas.selenium.formy.RadioButton" name="testRadioButton" time="3.979"/>
  <system-out/>
</testsuite> <!-- tugas.selenium.formy.RadioButton -->
