<?xml version="1.0" encoding="UTF-8"?>
<!-- Generated by org.testng.reporters.JUnitReportReporter -->
<testsuite hostname="DESKTOP-8OTT66F" failures="0" tests="1" name="tugas.selenium.formy.PageScroll" time="3.216" errors="0" timestamp="2022-09-15T05:12:23 ICT" skipped="0">
  <testcase classname="tugas.selenium.formy.PageScroll" name="testPageScroll" time="3.216"/>
  <system-out/>
</testsuite> <!-- tugas.selenium.formy.PageScroll -->
