<?xml version="1.0" encoding="UTF-8"?>
<!-- Generated by org.testng.reporters.JUnitReportReporter -->
<testsuite hostname="DESKTOP-8OTT66F" failures="0" tests="1" name="tugas.selenium.formy.KeyboardAndMouseInput" time="2.885" errors="0" timestamp="2022-09-15T05:09:18 ICT" skipped="0">
  <testcase classname="tugas.selenium.formy.KeyboardAndMouseInput" name="testKeyboardAndMouseInput" time="2.885"/>
  <system-out/>
</testsuite> <!-- tugas.selenium.formy.KeyboardAndMouseInput -->
