<?xml version="1.0" encoding="UTF-8"?>
<!-- Generated by org.testng.reporters.JUnitReportReporter -->
<testsuite hostname="DESKTOP-8OTT66F" failures="0" tests="1" name="tugas.selenium.formy.ModalClose" time="2.853" errors="0" timestamp="2022-09-15T05:11:31 ICT" skipped="0">
  <testcase classname="tugas.selenium.formy.ModalClose" name="testModalClose" time="2.853"/>
  <system-out/>
</testsuite> <!-- tugas.selenium.formy.ModalClose -->
