<?xml version="1.0" encoding="UTF-8"?>
<!-- Generated by org.testng.reporters.JUnitReportReporter -->
<testsuite hostname="DESKTOP-8OTT66F" failures="0" tests="1" name="latihan.pagefactoryobject.TestLogin" time="8.233" errors="0" timestamp="2022-09-15T15:21:36 ICT" skipped="0">
  <testcase classname="latihan.pagefactoryobject.TestLogin" name="AutoCompletesst" time="8.233"/>
  <system-out/>
</testsuite> <!-- latihan.pagefactoryobject.TestLogin -->
