<?xml version="1.0" encoding="UTF-8"?>
<!-- Generated by org.testng.reporters.JUnitReportReporter -->
<testsuite hostname="DESKTOP-8OTT66F" failures="0" tests="1" name="tugas.selenium.formy.DragDrop" time="4.106" errors="0" timestamp="2022-09-15T05:05:38 ICT" skipped="0">
  <testcase classname="tugas.selenium.formy.DragDrop" name="testDragDrop" time="4.106"/>
  <system-out/>
</testsuite> <!-- tugas.selenium.formy.DragDrop -->
