<?xml version="1.0" encoding="UTF-8"?>
<!-- Generated by org.testng.reporters.JUnitReportReporter -->
<testsuite hostname="DESKTOP-8OTT66F" failures="0" tests="1" name="tugas.selenium.demoqa.TextBoxPageTest" time="22.359" errors="0" timestamp="2022-09-16T06:33:14 ICT" skipped="0">
  <testcase classname="tugas.selenium.demoqa.TextBoxPageTest" name="testValidForm" time="22.359"/>
  <system-out/>
</testsuite> <!-- tugas.selenium.demoqa.TextBoxPageTest -->
