<?xml version="1.0" encoding="UTF-8"?>
<!-- Generated by org.testng.reporters.JUnitReportReporter -->
<testsuite hostname="DESKTOP-8OTT66F" failures="0" tests="1" name="tugas.selenium.formy.Buttons" time="5.441" errors="0" timestamp="2022-09-15T05:01:13 ICT" skipped="0">
  <testcase classname="tugas.selenium.formy.Buttons" name="testButtons" time="5.441"/>
  <system-out/>
</testsuite> <!-- tugas.selenium.formy.Buttons -->
