<?xml version="1.0" encoding="UTF-8"?>
<!-- Generated by org.testng.reporters.JUnitReportReporter -->
<testsuite hostname="DESKTOP-8OTT66F" failures="0" tests="1" name="latihan.pagefactoryobject.TestAutoComplete" time="14.596" errors="0" timestamp="2022-09-15T20:38:35 ICT" skipped="0">
  <testcase classname="latihan.pagefactoryobject.TestAutoComplete" name="AutoCompletesst" time="14.596"/>
  <system-out/>
</testsuite> <!-- latihan.pagefactoryobject.TestAutoComplete -->
