<?xml version="1.0" encoding="UTF-8"?>
<!-- Generated by org.testng.reporters.JUnitReportReporter -->
<testsuite hostname="DESKTOP-8OTT66F" failures="0" tests="6" name="latihan.cucumberr.outlinee.OultineRunner" time="0.262" errors="0" timestamp="2022-09-19T20:45:47 ICT" skipped="0">
  <testcase classname="latihan.cucumberr.outlinee.OultineRunner" name="runScenario" time="0.013"/>
  <system-out/>
  <testcase classname="latihan.cucumberr.outlinee.OultineRunner" name="runScenario" time="0.010"/>
  <system-out/>
  <testcase classname="latihan.cucumberr.outlinee.OultineRunner" name="runScenario" time="0.011"/>
  <system-out/>
  <testcase classname="latihan.cucumberr.outlinee.OultineRunner" name="runScenario" time="0.207"/>
  <system-out/>
  <testcase classname="latihan.cucumberr.outlinee.OultineRunner" name="runScenario" time="0.011"/>
  <system-out/>
  <testcase classname="latihan.cucumberr.outlinee.OultineRunner" name="runScenario" time="0.010"/>
  <system-out/>
</testsuite> <!-- latihan.cucumberr.outlinee.OultineRunner -->
