<?xml version="1.0" encoding="UTF-8"?>
<!-- Generated by org.testng.reporters.JUnitReportReporter -->
<testsuite hostname="DESKTOP-8OTT66F" failures="0" tests="1" name="latihan.latihanrstassured.TestGETMethodJava" time="1.966" errors="0" timestamp="2022-09-09T15:08:29 ICT" skipped="0">
  <testcase classname="latihan.latihanrstassured.TestGETMethodJava" name="testFirst" time="1.966"/>
  <system-out/>
</testsuite> <!-- latihan.latihanrstassured.TestGETMethodJava -->
