<?xml version="1.0" encoding="UTF-8"?>
<!-- Generated by org.testng.reporters.JUnitReportReporter -->
<testsuite hostname="DESKTOP-8OTT66F" failures="0" tests="1" name="ujian.ujiankedua.produkoop.BelanjaTestDua" time="0.001" errors="0" timestamp="2022-09-06T13:05:31 ICT" skipped="0">
  <testcase classname="ujian.ujiankedua.produkoop.BelanjaTestDua" name="cekStokProdTest" time="0.001"/>
  <system-out/>
</testsuite> <!-- ujian.ujiankedua.produkoop.BelanjaTestDua -->
