<?xml version="1.0" encoding="UTF-8"?>
<!-- Generated by org.testng.reporters.JUnitReportReporter -->
<testsuite hostname="DESKTOP-8OTT66F" failures="0" tests="1" name="ujian.ujiankeempat.testArrList" time="0.009" errors="0" timestamp="2022-09-17T07:37:29 ICT" skipped="0">
  <testcase classname="ujian.ujiankeempat.testArrList" name="arrlist" time="0.009"/>
  <system-out/>
</testsuite> <!-- ujian.ujiankeempat.testArrList -->
