<?xml version="1.0" encoding="UTF-8"?>
<!-- Generated by org.testng.reporters.JUnitReportReporter -->
<testsuite hostname="DESKTOP-8OTT66F" failures="0" tests="1" name="latihan.seleniumlat.ClassNameLocator" time="6.634" errors="0" timestamp="2022-09-13T11:41:18 ICT" skipped="0">
  <testcase classname="latihan.seleniumlat.ClassNameLocator" name="classNLocator" time="6.634"/>
  <system-out/>
</testsuite> <!-- latihan.seleniumlat.ClassNameLocator -->
