<?xml version="1.0" encoding="UTF-8"?>
<!-- Generated by org.testng.reporters.JUnitReportReporter -->
<testsuite hostname="DESKTOP-8OTT66F" failures="0" tests="1" name="tugas.selenium.demoqa.PracticeFormPageTest" time="24.175" errors="0" timestamp="2022-09-16T23:51:39 ICT" skipped="0">
  <testcase classname="tugas.selenium.demoqa.PracticeFormPageTest" name="testPracticeForm" time="24.175"/>
  <system-out/>
</testsuite> <!-- tugas.selenium.demoqa.PracticeFormPageTest -->
