<?xml version="1.0" encoding="UTF-8"?>
<!-- Generated by org.testng.reporters.JUnitReportReporter -->
<testsuite hostname="DESKTOP-8OTT66F" failures="0" tests="1" name="tugas.selenium.formy.KeyboardAndMouseInputEnter" time="2.772" errors="0" timestamp="2022-09-15T05:10:10 ICT" skipped="0">
  <testcase classname="tugas.selenium.formy.KeyboardAndMouseInputEnter" name="testKeyboardAndMouseInputEnter" time="2.772"/>
  <system-out/>
</testsuite> <!-- tugas.selenium.formy.KeyboardAndMouseInputEnter -->
