<?xml version="1.0" encoding="UTF-8"?>
<!-- Generated by org.testng.reporters.JUnitReportReporter -->
<testsuite hostname="DESKTOP-8OTT66F" failures="0" tests="1" name="tugas.selenium.formy.FileUploadBerhasil" time="26.421" errors="0" timestamp="2022-09-15T21:18:18 ICT" skipped="0">
  <testcase classname="tugas.selenium.formy.FileUploadBerhasil" name="testFileUpload" time="26.421"/>
  <system-out/>
</testsuite> <!-- tugas.selenium.formy.FileUploadBerhasil -->
