<?xml version="1.0" encoding="UTF-8"?>
<!-- Generated by org.testng.reporters.JUnitReportReporter -->
<testsuite hostname="DESKTOP-8OTT66F" failures="0" tests="1" name="tugas.selenium.demoqa.ButtonPageKat" time="11.488" errors="0" timestamp="2022-09-16T08:37:17 ICT" skipped="0">
  <testcase classname="tugas.selenium.demoqa.ButtonPageKat" name="testButtons" time="11.488"/>
  <system-out/>
</testsuite> <!-- tugas.selenium.demoqa.ButtonPageKat -->
