<?xml version="1.0" encoding="UTF-8"?>
<!-- Generated by org.testng.reporters.JUnitReportReporter -->
<testsuite hostname="DESKTOP-8OTT66F" failures="0" tests="1" name="tugas.selenium.demoqa.AmazonAwsFormTest" time="9.197" errors="0" timestamp="2022-09-17T05:39:09 ICT" skipped="0">
  <testcase classname="tugas.selenium.demoqa.AmazonAwsFormTest" name="amazonFormFilling" time="9.197"/>
  <system-out/>
</testsuite> <!-- tugas.selenium.demoqa.AmazonAwsFormTest -->
