<?xml version="1.0" encoding="UTF-8"?>
<!-- Generated by org.testng.reporters.JUnitReportReporter -->
<testsuite hostname="DESKTOP-8OTT66F" failures="0" tests="1" name="ujian.ujiankelima.testng.StringToNumericTest" time="0.012" errors="0" timestamp="2022-09-24T13:36:16 ICT" skipped="0">
  <testcase classname="ujian.ujiankelima.testng.StringToNumericTest" name="StringToIntegerTest" time="0.012"/>
  <system-out/>
</testsuite> <!-- ujian.ujiankelima.testng.StringToNumericTest -->
