<?xml version="1.0" encoding="UTF-8"?>
<!-- Generated by org.testng.reporters.JUnitReportReporter -->
<testsuite hostname="DESKTOP-8OTT66F" failures="0" tests="27" name="ujian.ujiankeempat.ByCityName" time="14.239" errors="0" timestamp="2022-09-17T07:44:03 ICT" skipped="0">
  <testcase classname="ujian.ujiankeempat.ByCityName" name="testGet" time="0.204"/>
  <system-out/>
  <testcase classname="ujian.ujiankeempat.ByCityName" name="testGet" time="1.157"/>
  <system-out/>
  <testcase classname="ujian.ujiankeempat.ByCityName" name="testGet" time="0.704"/>
  <system-out/>
  <testcase classname="ujian.ujiankeempat.ByCityName" name="testGet" time="0.343"/>
  <system-out/>
  <testcase classname="ujian.ujiankeempat.ByCityName" name="testGet" time="0.283"/>
  <system-out/>
  <testcase classname="ujian.ujiankeempat.ByCityName" name="testGet" time="0.520"/>
  <system-out/>
  <testcase classname="ujian.ujiankeempat.ByCityName" name="testGet" time="0.291"/>
  <system-out/>
  <testcase classname="ujian.ujiankeempat.ByCityName" name="testGet" time="0.233"/>
  <system-out/>
  <testcase classname="ujian.ujiankeempat.ByCityName" name="testGet" time="0.381"/>
  <system-out/>
  <testcase classname="ujian.ujiankeempat.ByCityName" name="testGet" time="1.498"/>
  <system-out/>
  <testcase classname="ujian.ujiankeempat.ByCityName" name="testGet" time="0.284"/>
  <system-out/>
  <testcase classname="ujian.ujiankeempat.ByCityName" name="testGet" time="0.594"/>
  <system-out/>
  <testcase classname="ujian.ujiankeempat.ByCityName" name="testGet" time="0.821"/>
  <system-out/>
  <testcase classname="ujian.ujiankeempat.ByCityName" name="testGet" time="0.236"/>
  <system-out/>
  <testcase classname="ujian.ujiankeempat.ByCityName" name="testGet" time="0.800"/>
  <system-out/>
  <testcase classname="ujian.ujiankeempat.ByCityName" name="testGet" time="0.384"/>
  <system-out/>
  <testcase classname="ujian.ujiankeempat.ByCityName" name="testGet" time="0.898"/>
  <system-out/>
  <testcase classname="ujian.ujiankeempat.ByCityName" name="testGet" time="0.242"/>
  <system-out/>
  <testcase classname="ujian.ujiankeempat.ByCityName" name="testGet" time="0.238"/>
  <system-out/>
  <testcase classname="ujian.ujiankeempat.ByCityName" name="testGet" time="0.782"/>
  <system-out/>
  <testcase classname="ujian.ujiankeempat.ByCityName" name="testGet" time="0.550"/>
  <system-out/>
  <testcase classname="ujian.ujiankeempat.ByCityName" name="testGet" time="0.444"/>
  <system-out/>
  <testcase classname="ujian.ujiankeempat.ByCityName" name="testGet" time="0.401"/>
  <system-out/>
  <testcase classname="ujian.ujiankeempat.ByCityName" name="testGet" time="0.825"/>
  <system-out/>
  <testcase classname="ujian.ujiankeempat.ByCityName" name="testGet" time="0.228"/>
  <system-out/>
  <testcase classname="ujian.ujiankeempat.ByCityName" name="testGet" time="0.431"/>
  <system-out/>
  <testcase classname="ujian.ujiankeempat.ByCityName" name="testGet" time="0.467"/>
  <system-out/>
</testsuite> <!-- ujian.ujiankeempat.ByCityName -->
