<?xml version="1.0" encoding="UTF-8"?>
<!-- Generated by org.testng.reporters.JUnitReportReporter -->
<testsuite hostname="DESKTOP-8OTT66F" failures="0" tests="1" name="latihan.latihantestng.TestSortAlgoDynamic" time="0.008" errors="0" timestamp="2022-09-05T19:49:49 ICT" skipped="0">
  <testcase classname="latihan.latihantestng.TestSortAlgoDynamic" name="testKedua" time="0.008"/>
  <system-out/>
</testsuite> <!-- latihan.latihantestng.TestSortAlgoDynamic -->
