<?xml version="1.0" encoding="UTF-8"?>
<!-- Generated by org.testng.reporters.JUnitReportReporter -->
<testsuite hostname="DESKTOP-8OTT66F" failures="0" tests="1" name="latihan.seleniumlat.cekFormy" time="11.987" errors="0" timestamp="2022-09-13T11:51:59 ICT" skipped="0">
  <testcase classname="latihan.seleniumlat.cekFormy" name="testFormy" time="11.987"/>
  <system-out/>
</testsuite> <!-- latihan.seleniumlat.cekFormy -->
