<?xml version="1.0" encoding="UTF-8"?>
<!-- Generated by org.testng.reporters.JUnitReportReporter -->
<testsuite hostname="DESKTOP-8OTT66F" failures="0" tests="1" name="tugas.selenium.demoqa.RadioButtonPageTest" time="10.610" errors="0" timestamp="2022-09-16T07:18:54 ICT" skipped="0">
  <testcase classname="tugas.selenium.demoqa.RadioButtonPageTest" name="testRadioButton" time="10.610"/>
  <system-out/>
</testsuite> <!-- tugas.selenium.demoqa.RadioButtonPageTest -->
