<?xml version="1.0" encoding="UTF-8"?>
<!-- Generated by org.testng.reporters.JUnitReportReporter -->
<testsuite hostname="DESKTOP-8OTT66F" failures="0" tests="3" name="ujian.ujiankedua.geometri.GeometriTest" time="0.008" errors="0" timestamp="2022-09-06T13:10:26 ICT" skipped="0">
  <testcase classname="ujian.ujiankedua.geometri.GeometriTest" name="luasPersegiTest" time="0.003"/>
  <system-out/>
  <testcase classname="ujian.ujiankedua.geometri.GeometriTest" name="luasTrapesiumTest" time="0.002"/>
  <system-out/>
  <testcase classname="ujian.ujiankedua.geometri.GeometriTest" name="luasSegitigaTest" time="0.003"/>
  <system-out/>
</testsuite> <!-- ujian.ujiankedua.geometri.GeometriTest -->
