<?xml version="1.0" encoding="UTF-8"?>
<!-- Generated by org.testng.reporters.JUnitReportReporter -->
<testsuite hostname="DESKTOP-8OTT66F" failures="0" tests="1" name="tugas.selenium.formy.CompleteWebForm" time="4.626" errors="0" timestamp="2022-09-15T05:03:12 ICT" skipped="0">
  <testcase classname="tugas.selenium.formy.CompleteWebForm" name="CompleteWebForm" time="4.626"/>
  <system-out/>
</testsuite> <!-- tugas.selenium.formy.CompleteWebForm -->
