<?xml version="1.0" encoding="UTF-8"?>
<!-- Generated by org.testng.reporters.JUnitReportReporter -->
<testsuite hostname="DESKTOP-8OTT66F" failures="0" tests="1" name="latihan.seleniumlat.CekJudul" time="7.914" errors="0" timestamp="2022-09-13T09:47:14 ICT" skipped="0">
  <testcase classname="latihan.seleniumlat.CekJudul" name="cekGoogle" time="7.914"/>
  <system-out/>
</testsuite> <!-- latihan.seleniumlat.CekJudul -->
