<?xml version="1.0" encoding="UTF-8"?>
<!-- Generated by org.testng.reporters.JUnitReportReporter -->
<testsuite hostname="DESKTOP-8OTT66F" failures="0" tests="1" name="latihan.seleniumlat.cekGugle" time="9.624" errors="0" timestamp="2022-09-13T10:48:01 ICT" skipped="0">
  <testcase classname="latihan.seleniumlat.cekGugle" name="testGugle" time="9.624"/>
  <system-out/>
</testsuite> <!-- latihan.seleniumlat.cekGugle -->
