<?xml version="1.0" encoding="UTF-8"?>
<!-- Generated by org.testng.reporters.JUnitReportReporter -->
<testsuite hostname="DESKTOP-8OTT66F" failures="0" tests="1" name="ujian.ujiankeempat.nopcommerce.NopCommerceLoginPageTest" time="16.323" errors="0" timestamp="2022-09-18T03:56:18 ICT" skipped="0">
  <testcase classname="ujian.ujiankeempat.nopcommerce.NopCommerceLoginPageTest" name="customerClick" time="16.323"/>
  <system-out/>
</testsuite> <!-- ujian.ujiankeempat.nopcommerce.NopCommerceLoginPageTest -->
