<?xml version="1.0" encoding="UTF-8"?>
<!-- Generated by org.testng.reporters.JUnitReportReporter -->
<testsuite hostname="DESKTOP-8OTT66F" failures="0" tests="1" name="ujian.ujiankeempat.RestAssured.restAssuredNopCommerce" time="1.901" errors="0" timestamp="2022-09-17T23:28:52 ICT" skipped="0">
  <testcase classname="ujian.ujiankeempat.RestAssured.restAssuredNopCommerce" name="Tests" time="1.901"/>
  <system-out/>
</testsuite> <!-- ujian.ujiankeempat.RestAssured.restAssuredNopCommerce -->
