<?xml version="1.0" encoding="UTF-8"?>
<!-- Generated by org.testng.reporters.JUnitReportReporter -->
<testsuite hostname="DESKTOP-8OTT66F" failures="0" tests="1" name="tugas.selenium.formy.Datepicker" time="4.510" errors="0" timestamp="2022-09-15T05:04:54 ICT" skipped="0">
  <testcase classname="tugas.selenium.formy.Datepicker" name="testDatepicker" time="4.510"/>
  <system-out/>
</testsuite> <!-- tugas.selenium.formy.Datepicker -->
