<?xml version="1.0" encoding="UTF-8"?>
<!-- Generated by org.testng.reporters.JUnitReportReporter -->
<testsuite hostname="DESKTOP-8OTT66F" failures="0" tests="1" name="ujian.ujiankedua.produkoop.BelanjaTest" time="0.007" errors="0" timestamp="2022-09-05T20:10:28 ICT" skipped="0">
  <testcase classname="ujian.ujiankedua.produkoop.BelanjaTest" name="cekStokProdTest" time="0.007"/>
  <system-out/>
</testsuite> <!-- ujian.ujiankedua.produkoop.BelanjaTest -->
